This is pdfTeX, Version 3.141592653-2.6-1.40.27 (TeX Live 2025) (preloaded format=pdflatex 2025.11.4)  9 NOV 2025 13:36
entering extended mode
 restricted \write18 enabled.
 file:line:error style messages enabled.
 %&-line parsing enabled.
**pga
(./pga.tex
LaTeX2e <2024-11-01> patch level 2
L3 programming layer <2025-01-18>
(d:/texlive/texlive/2025/texmf-dist/tex/latex/ieeetran/IEEEtran.cls
Document Class: IEEEtran 2015/08/26 V1.8b by Michael Shell
-- See the "IEEEtran_HOWTO" manual for usage information.
-- http://www.michaelshell.org/tex/ieeetran/
\@IEEEtrantmpdimenA=\dimen141
\@IEEEtrantmpdimenB=\dimen142
\@IEEEtrantmpdimenC=\dimen143
\@IEEEtrantmpcountA=\count196
\@IEEEtrantmpcountB=\count197
\@IEEEtrantmpcountC=\count198
\@IEEEtrantmptoksA=\toks17
LaTeX Font Info:    Trying to load font information for OT1+ptm on input line 503.
(d:/texlive/texlive/2025/texmf-dist/tex/latex/psnfss/ot1ptm.fd
File: ot1ptm.fd 2001/06/04 font definitions for OT1/ptm.
)
-- Using 8.5in x 11in (letter) paper.
-- Using PDF output.
\@IEEEnormalsizeunitybaselineskip=\dimen144
-- This is a 10 point document.
\CLASSINFOnormalsizebaselineskip=\dimen145
\CLASSINFOnormalsizeunitybaselineskip=\dimen146
\IEEEnormaljot=\dimen147
LaTeX Font Info:    Font shape `OT1/ptm/bx/n' in size <5> not available
(Font)              Font shape `OT1/ptm/b/n' tried instead on input line 1090.
LaTeX Font Info:    Font shape `OT1/ptm/bx/it' in size <5> not available
(Font)              Font shape `OT1/ptm/b/it' tried instead on input line 1090.
LaTeX Font Info:    Font shape `OT1/ptm/bx/n' in size <7> not available
(Font)              Font shape `OT1/ptm/b/n' tried instead on input line 1090.
LaTeX Font Info:    Font shape `OT1/ptm/bx/it' in size <7> not available
(Font)              Font shape `OT1/ptm/b/it' tried instead on input line 1090.
LaTeX Font Info:    Font shape `OT1/ptm/bx/n' in size <8> not available
(Font)              Font shape `OT1/ptm/b/n' tried instead on input line 1090.
LaTeX Font Info:    Font shape `OT1/ptm/bx/it' in size <8> not available
(Font)              Font shape `OT1/ptm/b/it' tried instead on input line 1090.
LaTeX Font Info:    Font shape `OT1/ptm/bx/n' in size <9> not available
(Font)              Font shape `OT1/ptm/b/n' tried instead on input line 1090.
LaTeX Font Info:    Font shape `OT1/ptm/bx/it' in size <9> not available
(Font)              Font shape `OT1/ptm/b/it' tried instead on input line 1090.
LaTeX Font Info:    Font shape `OT1/ptm/bx/n' in size <10> not available
(Font)              Font shape `OT1/ptm/b/n' tried instead on input line 1090.
LaTeX Font Info:    Font shape `OT1/ptm/bx/it' in size <10> not available
(Font)              Font shape `OT1/ptm/b/it' tried instead on input line 1090.
LaTeX Font Info:    Font shape `OT1/ptm/bx/n' in size <11> not available
(Font)              Font shape `OT1/ptm/b/n' tried instead on input line 1090.
LaTeX Font Info:    Font shape `OT1/ptm/bx/it' in size <11> not available
(Font)              Font shape `OT1/ptm/b/it' tried instead on input line 1090.
LaTeX Font Info:    Font shape `OT1/ptm/bx/n' in size <12> not available
(Font)              Font shape `OT1/ptm/b/n' tried instead on input line 1090.
LaTeX Font Info:    Font shape `OT1/ptm/bx/it' in size <12> not available
(Font)              Font shape `OT1/ptm/b/it' tried instead on input line 1090.
LaTeX Font Info:    Font shape `OT1/ptm/bx/n' in size <17> not available
(Font)              Font shape `OT1/ptm/b/n' tried instead on input line 1090.
LaTeX Font Info:    Font shape `OT1/ptm/bx/it' in size <17> not available
(Font)              Font shape `OT1/ptm/b/it' tried instead on input line 1090.
LaTeX Font Info:    Font shape `OT1/ptm/bx/n' in size <20> not available
(Font)              Font shape `OT1/ptm/b/n' tried instead on input line 1090.
LaTeX Font Info:    Font shape `OT1/ptm/bx/it' in size <20> not available
(Font)              Font shape `OT1/ptm/b/it' tried instead on input line 1090.
LaTeX Font Info:    Font shape `OT1/ptm/bx/n' in size <24> not available
(Font)              Font shape `OT1/ptm/b/n' tried instead on input line 1090.
LaTeX Font Info:    Font shape `OT1/ptm/bx/it' in size <24> not available
(Font)              Font shape `OT1/ptm/b/it' tried instead on input line 1090.
\IEEEquantizedlength=\dimen148
\IEEEquantizedlengthdiff=\dimen149
\IEEEquantizedtextheightdiff=\dimen150
\IEEEilabelindentA=\dimen151
\IEEEilabelindentB=\dimen152
\IEEEilabelindent=\dimen153
\IEEEelabelindent=\dimen154
\IEEEdlabelindent=\dimen155
\IEEElabelindent=\dimen156
\IEEEiednormlabelsep=\dimen157
\IEEEiedmathlabelsep=\dimen158
\IEEEiedtopsep=\skip49
\c@section=\count199
\c@subsection=\count266
\c@subsubsection=\count267
\c@paragraph=\count268
\c@IEEEsubequation=\count269
\abovecaptionskip=\skip50
\belowcaptionskip=\skip51
\c@figure=\count270
\c@table=\count271
\@IEEEeqnnumcols=\count272
\@IEEEeqncolcnt=\count273
\@IEEEsubeqnnumrollback=\count274
\@IEEEquantizeheightA=\dimen159
\@IEEEquantizeheightB=\dimen160
\@IEEEquantizeheightC=\dimen161
\@IEEEquantizeprevdepth=\dimen162
\@IEEEquantizemultiple=\count275
\@IEEEquantizeboxA=\box52
\@IEEEtmpitemindent=\dimen163
\IEEEPARstartletwidth=\dimen164
\c@IEEEbiography=\count276
\@IEEEtranrubishbin=\box53
) (d:/texlive/texlive/2025/texmf-dist/tex/latex/graphics/color.sty
Package: color 2024/06/23 v1.3e Standard LaTeX Color (DPC)
 (d:/texlive/texlive/2025/texmf-dist/tex/latex/graphics-cfg/color.cfg
File: color.cfg 2016/01/02 v1.6 sample color configuration
)
Package color Info: Driver file: pdftex.def on input line 149.
 (d:/texlive/texlive/2025/texmf-dist/tex/latex/graphics-def/pdftex.def
File: pdftex.def 2024/04/13 v1.2c Graphics/color driver for pdftex
) (d:/texlive/texlive/2025/texmf-dist/tex/latex/graphics/mathcolor.ltx)) (d:/texlive/texlive/2025/texmf-dist/tex/latex/amsfonts/amssymb.sty
Package: amssymb 2013/01/14 v3.01 AMS font symbols
 (d:/texlive/texlive/2025/texmf-dist/tex/latex/amsfonts/amsfonts.sty
Package: amsfonts 2013/01/14 v3.01 Basic AMSFonts support
\@emptytoks=\toks18
\symAMSa=\mathgroup4
\symAMSb=\mathgroup5
LaTeX Font Info:    Redeclaring math symbol \hbar on input line 98.
LaTeX Font Info:    Overwriting math alphabet `\mathfrak' in version `bold'
(Font)                  U/euf/m/n --> U/euf/b/n on input line 106.
)) (d:/texlive/texlive/2025/texmf-dist/tex/latex/amsmath/amsmath.sty
Package: amsmath 2024/11/05 v2.17t AMS math features
\@mathmargin=\skip52

For additional information on amsmath, use the `?' option.
(d:/texlive/texlive/2025/texmf-dist/tex/latex/amsmath/amstext.sty
Package: amstext 2021/08/26 v2.01 AMS text
 (d:/texlive/texlive/2025/texmf-dist/tex/latex/amsmath/amsgen.sty
File: amsgen.sty 1999/11/30 v2.0 generic functions
\@emptytoks=\toks19
\ex@=\dimen165
)) (d:/texlive/texlive/2025/texmf-dist/tex/latex/amsmath/amsbsy.sty
Package: amsbsy 1999/11/29 v1.2d Bold Symbols
\pmbraise@=\dimen166
) (d:/texlive/texlive/2025/texmf-dist/tex/latex/amsmath/amsopn.sty
Package: amsopn 2022/04/08 v2.04 operator names
)
\inf@bad=\count277
LaTeX Info: Redefining \frac on input line 233.
\uproot@=\count278
\leftroot@=\count279
LaTeX Info: Redefining \overline on input line 398.
LaTeX Info: Redefining \colon on input line 409.
\classnum@=\count280
\DOTSCASE@=\count281
LaTeX Info: Redefining \ldots on input line 495.
LaTeX Info: Redefining \dots on input line 498.
LaTeX Info: Redefining \cdots on input line 619.
\Mathstrutbox@=\box54
\strutbox@=\box55
LaTeX Info: Redefining \big on input line 721.
LaTeX Info: Redefining \Big on input line 722.
LaTeX Info: Redefining \bigg on input line 723.
LaTeX Info: Redefining \Bigg on input line 724.
\big@size=\dimen167
LaTeX Font Info:    Redeclaring font encoding OML on input line 742.
LaTeX Font Info:    Redeclaring font encoding OMS on input line 743.
\macc@depth=\count282
LaTeX Info: Redefining \bmod on input line 904.
LaTeX Info: Redefining \pmod on input line 909.
LaTeX Info: Redefining \smash on input line 939.
LaTeX Info: Redefining \relbar on input line 969.
LaTeX Info: Redefining \Relbar on input line 970.
\c@MaxMatrixCols=\count283
\dotsspace@=\muskip17
\c@parentequation=\count284
\dspbrk@lvl=\count285
\tag@help=\toks20
\row@=\count286
\column@=\count287
\maxfields@=\count288
\andhelp@=\toks21
\eqnshift@=\dimen168
\alignsep@=\dimen169
\tagshift@=\dimen170
\tagwidth@=\dimen171
\totwidth@=\dimen172
\lineht@=\dimen173
\@envbody=\toks22
\multlinegap=\skip53
\multlinetaggap=\skip54
\mathdisplay@stack=\toks23
LaTeX Info: Redefining \[ on input line 2953.
LaTeX Info: Redefining \] on input line 2954.
) (d:/texlive/texlive/2025/texmf-dist/tex/latex/graphics/graphicx.sty
Package: graphicx 2021/09/16 v1.2d Enhanced LaTeX Graphics (DPC,SPQR)
 (d:/texlive/texlive/2025/texmf-dist/tex/latex/graphics/keyval.sty
Package: keyval 2022/05/29 v1.15 key=value parser (DPC)
\KV@toks@=\toks24
) (d:/texlive/texlive/2025/texmf-dist/tex/latex/graphics/graphics.sty
Package: graphics 2024/08/06 v1.4g Standard LaTeX Graphics (DPC,SPQR)
 (d:/texlive/texlive/2025/texmf-dist/tex/latex/graphics/trig.sty
Package: trig 2023/12/02 v1.11 sin cos tan (DPC)
) (d:/texlive/texlive/2025/texmf-dist/tex/latex/graphics-cfg/graphics.cfg
File: graphics.cfg 2016/06/04 v1.11 sample graphics configuration
)
Package graphics Info: Driver file: pdftex.def on input line 106.
)
\Gin@req@height=\dimen174
\Gin@req@width=\dimen175
) (d:/texlive/texlive/2025/texmf-dist/tex/latex/subfigure/subfigure.sty
Package: subfigure 2002/03/15 v2.1.5 subfigure package
\subfigtopskip=\skip55
\subfigcapskip=\skip56
\subfigcaptopadj=\dimen176
\subfigbottomskip=\skip57
\subfigcapmargin=\dimen177
\subfiglabelskip=\skip58
\c@subfigure=\count289
\c@lofdepth=\count290
\c@subtable=\count291
\c@lotdepth=\count292

****************************************
* Local config file subfigure.cfg used *
****************************************
(d:/texlive/texlive/2025/texmf-dist/tex/latex/subfigure/subfigure.cfg)
\subfig@top=\skip59
\subfig@bottom=\skip60
) (d:/texlive/texlive/2025/texmf-dist/tex/latex/algorithms/algorithm.sty
Package: algorithm 2009/08/24 v0.1 Document Style `algorithm' - floating environment
 (d:/texlive/texlive/2025/texmf-dist/tex/latex/float/float.sty
Package: float 2001/11/08 v1.3d Float enhancements (AL)
\c@float@type=\count293
\float@exts=\toks25
\float@box=\box56
\@float@everytoks=\toks26
\@floatcapt=\box57
) (d:/texlive/texlive/2025/texmf-dist/tex/latex/base/ifthen.sty
Package: ifthen 2024/03/16 v1.1e Standard LaTeX ifthen package (DPC)
)
\@float@every@algorithm=\toks27
\c@algorithm=\count294
) (d:/texlive/texlive/2025/texmf-dist/tex/latex/algorithmicx/algorithmicx.sty
Package: algorithmicx 2005/04/27 v1.2 Algorithmicx

Document Style algorithmicx 1.2 - a greatly improved `algorithmic' style
\c@ALG@line=\count295
\c@ALG@rem=\count296
\c@ALG@nested=\count297
\ALG@tlm=\skip61
\ALG@thistlm=\skip62
\c@ALG@Lnr=\count298
\c@ALG@blocknr=\count299
\c@ALG@storecount=\count300
\c@ALG@tmpcounter=\count301
\ALG@tmplength=\skip63
) (d:/texlive/texlive/2025/texmf-dist/tex/latex/algorithmicx/algpseudocode.sty
Package: algpseudocode 

Document Style - pseudocode environments for use with the `algorithmicx' style
)
\c@definition=\count302
 (d:/texlive/texlive/2025/texmf-dist/tex/latex/l3backend/l3backend-pdftex.def
File: l3backend-pdftex.def 2024-05-08 L3 backend support: PDF output (pdfTeX)
\l__color_backend_stack_int=\count303
\l__pdf_internal_box=\box58
) (./pga.aux)
\openout1 = `pga.aux'.

LaTeX Font Info:    Checking defaults for OML/cmm/m/it on input line 139.
LaTeX Font Info:    ... okay on input line 139.
LaTeX Font Info:    Checking defaults for OMS/cmsy/m/n on input line 139.
LaTeX Font Info:    ... okay on input line 139.
LaTeX Font Info:    Checking defaults for OT1/cmr/m/n on input line 139.
LaTeX Font Info:    ... okay on input line 139.
LaTeX Font Info:    Checking defaults for T1/cmr/m/n on input line 139.
LaTeX Font Info:    ... okay on input line 139.
LaTeX Font Info:    Checking defaults for TS1/cmr/m/n on input line 139.
LaTeX Font Info:    ... okay on input line 139.
LaTeX Font Info:    Checking defaults for OMX/cmex/m/n on input line 139.
LaTeX Font Info:    ... okay on input line 139.
LaTeX Font Info:    Checking defaults for U/cmr/m/n on input line 139.
LaTeX Font Info:    ... okay on input line 139.

-- Lines per column: 58 (exact).
(d:/texlive/texlive/2025/texmf-dist/tex/context/base/mkii/supp-pdf.mkii
[Loading MPS to PDF converter (version 2006.09.02).]
\scratchcounter=\count304
\scratchdimen=\dimen178
\scratchbox=\box59
\nofMPsegments=\count305
\nofMParguments=\count306
\everyMPshowfont=\toks28
\MPscratchCnt=\count307
\MPscratchDim=\dimen179
\MPnumerator=\count308
\makeMPintoPDFobject=\count309
\everyMPtoPDFconversion=\toks29
) (d:/texlive/texlive/2025/texmf-dist/tex/latex/epstopdf-pkg/epstopdf-base.sty
Package: epstopdf-base 2020-01-24 v2.11 Base part for package epstopdf
 (d:/texlive/texlive/2025/texmf-dist/tex/generic/infwarerr/infwarerr.sty
Package: infwarerr 2019/12/03 v1.5 Providing info/warning/error messages (HO)
) (d:/texlive/texlive/2025/texmf-dist/tex/latex/grfext/grfext.sty
Package: grfext 2019/12/03 v1.3 Manage graphics extensions (HO)
 (d:/texlive/texlive/2025/texmf-dist/tex/generic/kvdefinekeys/kvdefinekeys.sty
Package: kvdefinekeys 2019-12-19 v1.6 Define keys (HO)
)) (d:/texlive/texlive/2025/texmf-dist/tex/latex/kvoptions/kvoptions.sty
Package: kvoptions 2022-06-15 v3.15 Key value format for package options (HO)
 (d:/texlive/texlive/2025/texmf-dist/tex/generic/ltxcmds/ltxcmds.sty
Package: ltxcmds 2023-12-04 v1.26 LaTeX kernel commands for general use (HO)
) (d:/texlive/texlive/2025/texmf-dist/tex/latex/kvsetkeys/kvsetkeys.sty
Package: kvsetkeys 2022-10-05 v1.19 Key value parser (HO)
)) (d:/texlive/texlive/2025/texmf-dist/tex/generic/pdftexcmds/pdftexcmds.sty
Package: pdftexcmds 2020-06-27 v0.33 Utility functions of pdfTeX for LuaTeX (HO)
 (d:/texlive/texlive/2025/texmf-dist/tex/generic/iftex/iftex.sty
Package: iftex 2024/12/12 v1.0g TeX engine tests
)
Package pdftexcmds Info: \pdf@primitive is available.
Package pdftexcmds Info: \pdf@ifprimitive is available.
Package pdftexcmds Info: \pdfdraftmode found.
)
Package epstopdf-base Info: Redefining graphics rule for `.eps' on input line 485.
Package grfext Info: Graphics extension search list:
(grfext)             [.pdf,.png,.jpg,.mps,.jpeg,.jbig2,.jb2,.PDF,.PNG,.JPG,.JPEG,.JBIG2,.JB2,.eps]
(grfext)             \AppendGraphicsExtensions on input line 504.
 (d:/texlive/texlive/2025/texmf-dist/tex/latex/latexconfig/epstopdf-sys.cfg
File: epstopdf-sys.cfg 2010/07/13 v1.3 Configuration of (r)epstopdf for TeX Live
))
LaTeX Font Info:    Trying to load font information for U+msa on input line 238.
 (d:/texlive/texlive/2025/texmf-dist/tex/latex/amsfonts/umsa.fd
File: umsa.fd 2013/01/14 v3.01 AMS symbols A
)
LaTeX Font Info:    Trying to load font information for U+msb on input line 238.
 (d:/texlive/texlive/2025/texmf-dist/tex/latex/amsfonts/umsb.fd
File: umsb.fd 2013/01/14 v3.01 AMS symbols B
)
<Figure/gap.png, id=1, 540.0175pt x 323.2075pt>
File: Figure/gap.png Graphic file (type png)
<use Figure/gap.png>
Package pdftex.def Info: Figure/gap.png  used on input line 244.
(pdftex.def)             Requested size: 113.39923pt x 67.87064pt.
<Figure/case.png, id=3, 532.99126pt x 320.19624pt>
File: Figure/case.png Graphic file (type png)
<use Figure/case.png>
Package pdftex.def Info: Figure/case.png  used on input line 248.
(pdftex.def)             Requested size: 113.39923pt x 68.12263pt.



Underfull \vbox (badness 3460) has occurred while \output is active []



[1{d:/texlive/texlive/2025/texmf-var/fonts/map/pdftex/updmap/pdftex.map}{d:/texlive/texlive/2025/texmf-dist/fonts/enc/dvips/base/8r.enc}


 <./Figure/gap.png> <./Figure/case.png>]
<Figure/sla.png, id=19, 281.3712pt x 194.1654pt>
File: Figure/sla.png Graphic file (type png)
<use Figure/sla.png>
Package pdftex.def Info: Figure/sla.png  used on input line 263.
(pdftex.def)             Requested size: 113.39923pt x 78.25139pt.
<Figure/slb.png, id=20, 281.3712pt x 194.1654pt>
File: Figure/slb.png Graphic file (type png)
<use Figure/slb.png>
Package pdftex.def Info: Figure/slb.png  used on input line 267.
(pdftex.def)             Requested size: 113.39923pt x 78.25139pt.




[2 <./Figure/sla.png> <./Figure/slb.png>]



[3]



[4]
<Figure/spc2.png, id=44, 320.19624pt x 293.095pt>
File: Figure/spc2.png Graphic file (type png)
<use Figure/spc2.png>
Package pdftex.def Info: Figure/spc2.png  used on input line 471.
(pdftex.def)             Requested size: 100.79846pt x 92.26279pt.
<Figure/spc3.png, id=45, 269.50688pt x 225.84375pt>
File: Figure/spc3.png Graphic file (type png)
<use Figure/spc3.png>
Package pdftex.def Info: Figure/spc3.png  used on input line 475.
(pdftex.def)             Requested size: 100.79846pt x 84.4672pt.




[5 <./Figure/spc2.png> <./Figure/spc3.png>]
<Figure/kdctm.png, id=50, 578.16pt x 325.215pt>
File: Figure/kdctm.png Graphic file (type png)
<use Figure/kdctm.png>
Package pdftex.def Info: Figure/kdctm.png  used on input line 564.
(pdftex.def)             Requested size: 113.39923pt x 63.78636pt.
<Figure/kdcrm.png, id=51, 578.16pt x 325.215pt>
File: Figure/kdcrm.png Graphic file (type png)
<use Figure/kdcrm.png>
Package pdftex.def Info: Figure/kdcrm.png  used on input line 568.
(pdftex.def)             Requested size: 113.39923pt x 63.78636pt.




[6 <./Figure/kdctm.png> <./Figure/kdcrm.png>]
<Figure/epoch.png, id=57, 664.4825pt x 133.49875pt>
File: Figure/epoch.png Graphic file (type png)
<use Figure/epoch.png>
Package pdftex.def Info: Figure/epoch.png  used on input line 643.
(pdftex.def)             Requested size: 252.0pt x 50.62819pt.


<Figure/lr.png, id=58, 664.4825pt x 133.49875pt>
File: Figure/lr.png Graphic file (type png)
<use Figure/lr.png>
Package pdftex.def Info: Figure/lr.png  used on input line 654.
(pdftex.def)             Requested size: 252.0pt x 50.62819pt.
<Figure/LS_e.png, id=59, 664.4825pt x 133.49875pt>
File: Figure/LS_e.png Graphic file (type png)
<use Figure/LS_e.png>
Package pdftex.def Info: Figure/LS_e.png  used on input line 669.
(pdftex.def)             Requested size: 252.0pt x 50.62819pt.
<Figure/KD_e.png, id=60, 498.36188pt x 105.39375pt>
File: Figure/KD_e.png Graphic file (type png)
<use Figure/KD_e.png>
Package pdftex.def Info: Figure/KD_e.png  used on input line 680.
(pdftex.def)             Requested size: 252.0pt x 53.29176pt.
<Figure/KD_t.png, id=61, 664.4825pt x 133.49875pt>
File: Figure/KD_t.png Graphic file (type png)
<use Figure/KD_t.png>
Package pdftex.def Info: Figure/KD_t.png  used on input line 687.
(pdftex.def)             Requested size: 252.0pt x 50.62819pt.


[7 <./Figure/epoch.png> <./Figure/lr.png> <./Figure/LS_e.png>]

<Figure/acc.png, id=69, 664.4825pt x 149.55875pt>
File: Figure/acc.png Graphic file (type png)
<use Figure/acc.png>
Package pdftex.def Info: Figure/acc.png  used on input line 704.
(pdftex.def)             Requested size: 252.0pt x 56.7188pt.
<Figure/acc3.png, id=70, 664.4825pt x 118.4425pt>
File: Figure/acc3.png Graphic file (type png)
<use Figure/acc3.png>
Package pdftex.def Info: Figure/acc3.png  used on input line 711.
(pdftex.def)             Requested size: 252.0pt x 44.91824pt.


[8 <./Figure/KD_e.png> <./Figure/KD_t.png> <./Figure/acc.png> <./Figure/acc3.png>]
<Figure/traint_kdcr_rocket.png, id=77, 543.02875pt x 319.1925pt>
File: Figure/traint_kdcr_rocket.png Graphic file (type png)
<use Figure/traint_kdcr_rocket.png>
Package pdftex.def Info: Figure/traint_kdcr_rocket.png  used on input line 726.
(pdftex.def)             Requested size: 113.39923pt x 66.6525pt.
<Figure/traint_kdcr_itime.png, id=78, 543.02875pt x 319.1925pt>
File: Figure/traint_kdcr_itime.png Graphic file (type png)
<use Figure/traint_kdcr_itime.png>
Package pdftex.def Info: Figure/traint_kdcr_itime.png  used on input line 730.
(pdftex.def)             Requested size: 113.39923pt x 66.6525pt.
<Figure/traint_kdcr_lstime.png, id=79, 543.02875pt x 319.1925pt>
File: Figure/traint_kdcr_lstime.png Graphic file (type png)
<use Figure/traint_kdcr_lstime.png>
Package pdftex.def Info: Figure/traint_kdcr_lstime.png  used on input line 733.
(pdftex.def)             Requested size: 113.39923pt x 66.6525pt.
<Figure/traint_kdcr_kdtime.png, id=80, 543.02875pt x 319.1925pt>
File: Figure/traint_kdcr_kdtime.png Graphic file (type png)
<use Figure/traint_kdcr_kdtime.png>
Package pdftex.def Info: Figure/traint_kdcr_kdtime.png  used on input line 737.
(pdftex.def)             Requested size: 113.39923pt x 66.6525pt.
<Figure/testt_kdcr_rocket.png, id=81, 512.91624pt x 319.1925pt>
File: Figure/testt_kdcr_rocket.png Graphic file (type png)
<use Figure/testt_kdcr_rocket.png>
Package pdftex.def Info: Figure/testt_kdcr_rocket.png  used on input line 748.
(pdftex.def)             Requested size: 113.39923pt x 70.56836pt.
<Figure/testt_kdcr_itime.png, id=82, 536.0025pt x 319.1925pt>
File: Figure/testt_kdcr_itime.png Graphic file (type png)
<use Figure/testt_kdcr_itime.png>
Package pdftex.def Info: Figure/testt_kdcr_itime.png  used on input line 752.
(pdftex.def)             Requested size: 113.39923pt x 67.52919pt.
<Figure/testt_kdcr_lstime.png, id=83, 536.0025pt x 319.1925pt>
File: Figure/testt_kdcr_lstime.png Graphic file (type png)
<use Figure/testt_kdcr_lstime.png>
Package pdftex.def Info: Figure/testt_kdcr_lstime.png  used on input line 755.
(pdftex.def)             Requested size: 113.39923pt x 67.52919pt.
<Figure/testt_kdcr_kdtime.png, id=84, 536.0025pt x 319.1925pt>
File: Figure/testt_kdcr_kdtime.png Graphic file (type png)
<use Figure/testt_kdcr_kdtime.png>
Package pdftex.def Info: Figure/testt_kdcr_kdtime.png  used on input line 759.
(pdftex.def)             Requested size: 113.39923pt x 67.52919pt.




[9 <./Figure/traint_kdcr_rocket.png> <./Figure/traint_kdcr_itime.png> <./Figure/traint_kdcr_lstime.png> <./Figure/traint_kdcr_kdtime.png> <./Figure/testt_kdcr_rocket.png> <./Figure/testt_kdcr_itime.png> <./Figure/testt_kdcr_lstime.png> <./Figure/testt_kdcr_kdtime.png>]

LaTeX Warning: Float too large for page by 33.19992pt on input line 1051.

(./pga.bbl
Underfull \hbox (badness 7238) in paragraph at lines 46--49
[]\OT1/ptm/m/n/8 W. V. An-thony Bag-nall, Ja-son Lines and E. Keogh, ``The
 []


Underfull \hbox (badness 6268) in paragraph at lines 46--49
\OT1/ptm/m/n/8 uea & ucr time se-ries clas-si-fi-ca-tion repos-i-tory,'' 2018, uRL:
 []





[10])
<Figure/biography/gxy.png, id=100, 288.3272pt x 429.10312pt>
File: Figure/biography/gxy.png Graphic file (type png)
<use Figure/biography/gxy.png>
Package pdftex.def Info: Figure/biography/gxy.png  used on input line 1070.
(pdftex.def)             Requested size: 60.70007pt x 90.33693pt.
File: Figure/biography/gxy.png Graphic file (type png)
<use Figure/biography/gxy.png>
Package pdftex.def Info: Figure/biography/gxy.png  used on input line 1070.
(pdftex.def)             Requested size: 60.70007pt x 90.33693pt.
<Figure/biography/syw.jpg, id=103, 77.8545pt x 86.3955pt>
File: Figure/biography/syw.jpg Graphic file (type jpg)
<use Figure/biography/syw.jpg>
Package pdftex.def Info: Figure/biography/syw.jpg  used on input line 1078.
(pdftex.def)             Requested size: 72.27205pt x 80.20064pt.
File: Figure/biography/syw.jpg Graphic file (type jpg)
<use Figure/biography/syw.jpg>
Package pdftex.def Info: Figure/biography/syw.jpg  used on input line 1078.
(pdftex.def)             Requested size: 72.27205pt x 80.20064pt.
<Figure/biography/tyq.jpg, id=106, 1284.8pt x 1834.855pt>
File: Figure/biography/tyq.jpg Graphic file (type jpg)
<use Figure/biography/tyq.jpg>
Package pdftex.def Info: Figure/biography/tyq.jpg  used on input line 1082.
(pdftex.def)             Requested size: 63.24393pt x 90.32024pt.
File: Figure/biography/tyq.jpg Graphic file (type jpg)
<use Figure/biography/tyq.jpg>
Package pdftex.def Info: Figure/biography/tyq.jpg  used on input line 1082.
(pdftex.def)             Requested size: 63.24393pt x 90.32024pt.


<Figure/biography/lc.jpg, id=109, 43.362pt x 60.225pt>
File: Figure/biography/lc.jpg Graphic file (type jpg)
<use Figure/biography/lc.jpg>
Package pdftex.def Info: Figure/biography/lc.jpg  used on input line 1086.
(pdftex.def)             Requested size: 65.04942pt x 90.34644pt.
File: Figure/biography/lc.jpg Graphic file (type jpg)
<use Figure/biography/lc.jpg>
Package pdftex.def Info: Figure/biography/lc.jpg  used on input line 1086.
(pdftex.def)             Requested size: 65.04942pt x 90.34644pt.
<Figure/biography/zxy.jpg, id=112, 99.5355pt x 127.7865pt>
File: Figure/biography/zxy.jpg Graphic file (type jpg)
<use Figure/biography/zxy.jpg>
Package pdftex.def Info: Figure/biography/zxy.jpg  used on input line 1090.
(pdftex.def)             Requested size: 70.36693pt x 90.33907pt.
File: Figure/biography/zxy.jpg Graphic file (type jpg)
<use Figure/biography/zxy.jpg>
Package pdftex.def Info: Figure/biography/zxy.jpg  used on input line 1090.
(pdftex.def)             Requested size: 70.36693pt x 90.33907pt.
<Figure/biography/lxx.jpg, id=115, 76.96754pt x 109.72995pt>
File: Figure/biography/lxx.jpg Graphic file (type jpg)
<use Figure/biography/lxx.jpg>
Package pdftex.def Info: Figure/biography/lxx.jpg  used on input line 1094.
(pdftex.def)             Requested size: 63.36627pt x 90.33911pt.
File: Figure/biography/lxx.jpg Graphic file (type jpg)
<use Figure/biography/lxx.jpg>
Package pdftex.def Info: Figure/biography/lxx.jpg  used on input line 1094.
(pdftex.def)             Requested size: 63.36627pt x 90.33911pt.


[11 <./Figure/biography/gxy.png> <./Figure/biography/syw.jpg> <./Figure/biography/tyq.jpg> <./Figure/biography/lc.jpg> <./Figure/biography/zxy.jpg> <./Figure/biography/lxx.jpg>] [12] (./pga.aux)
 ***********
LaTeX2e <2024-11-01> patch level 2
L3 programming layer <2025-01-18>
 ***********


LaTeX Warning: Label(s) may have changed. Rerun to get cross-references right.

 ) 
Here is how much of TeX's memory you used:
 5264 strings out of 473189
 87213 string characters out of 5715790
 590178 words of memory out of 5000000
 28420 multiletter control sequences out of 15000+600000
 606863 words of font info for 126 fonts, out of 8000000 for 9000
 1144 hyphenation exceptions out of 8191
 59i,12n,67p,2201b,336s stack positions out of 10000i,1000n,20000p,200000b,200000s
<d:/texlive/texlive/2025/texmf-dist/fonts/type1/public/amsfonts/cm/cmbx10.pfb><d:/texlive/texlive/2025/texmf-dist/fonts/type1/public/amsfonts/cm/cmbx5.pfb><d:/texlive/texlive/2025/texmf-dist/fonts/type1/public/amsfonts/cm/cmbx8.pfb><d:/texlive/texlive/2025/texmf-dist/fonts/type1/public/amsfonts/cm/cmex10.pfb><d:/texlive/texlive/2025/texmf-dist/fonts/type1/public/amsfonts/cm/cmmi10.pfb><d:/texlive/texlive/2025/texmf-dist/fonts/type1/public/amsfonts/cm/cmmi5.pfb><d:/texlive/texlive/2025/texmf-dist/fonts/type1/public/amsfonts/cm/cmmi6.pfb><d:/texlive/texlive/2025/texmf-dist/fonts/type1/public/amsfonts/cm/cmmi7.pfb><d:/texlive/texlive/2025/texmf-dist/fonts/type1/public/amsfonts/cm/cmmi8.pfb><d:/texlive/texlive/2025/texmf-dist/fonts/type1/public/amsfonts/cm/cmmib10.pfb><d:/texlive/texlive/2025/texmf-dist/fonts/type1/public/amsfonts/cm/cmr10.pfb><d:/texlive/texlive/2025/texmf-dist/fonts/type1/public/amsfonts/cm/cmr5.pfb><d:/texlive/texlive/2025/texmf-dist/fonts/type1/public/amsfonts/cm/cmr7.pfb><d:/texlive/texlive/2025/texmf-dist/fonts/type1/public/amsfonts/cm/cmr8.pfb><d:/texlive/texlive/2025/texmf-dist/fonts/type1/public/amsfonts/cm/cmsy10.pfb><d:/texlive/texlive/2025/texmf-dist/fonts/type1/public/amsfonts/cm/cmsy5.pfb><d:/texlive/texlive/2025/texmf-dist/fonts/type1/public/amsfonts/cm/cmsy7.pfb><d:/texlive/texlive/2025/texmf-dist/fonts/type1/public/amsfonts/cm/cmsy8.pfb><d:/texlive/texlive/2025/texmf-dist/fonts/type1/public/amsfonts/symbols/msbm10.pfb><d:/texlive/texlive/2025/texmf-dist/fonts/type1/public/amsfonts/symbols/msbm7.pfb><d:/texlive/texlive/2025/texmf-dist/fonts/type1/urw/times/utmb8a.pfb><d:/texlive/texlive/2025/texmf-dist/fonts/type1/urw/times/utmbi8a.pfb><d:/texlive/texlive/2025/texmf-dist/fonts/type1/urw/times/utmr8a.pfb><d:/texlive/texlive/2025/texmf-dist/fonts/type1/urw/times/utmri8a.pfb>
Output written on pga.pdf (12 pages, 1724711 bytes).
PDF statistics:
 234 PDF objects out of 1000 (max. 8388607)
 108 compressed objects within 2 object streams
 0 named destinations out of 1000 (max. 500000)
 218 words of extra memory for PDF output out of 10000 (max. 10000000)

